<?xml version="1.0" encoding="UTF-8"?>
<!-- Generated by org.testng.reporters.JUnitReportReporter -->
<testsuite name="com.actitime.Newtest.CreateTestNGUsere" tests="1" time="0.016" ignored="0" failures="0" timestamp="01 Feb 2020 05:54:35 GMT" skipped="0" hostname="ANT018" errors="0">
  <testcase name="testcustomer" time="0.016" classname="com.actitime.Newtest.CreateTestNGUsere"/>
</testsuite> <!-- com.actitime.Newtest.CreateTestNGUsere -->
